[0.012s] Invoking command in '/home/samqiao/ASRL/vtr3_testing/test/build/vtr_testing_radar': CMAKE_PREFIX_PATH=${CMAKE_PREFIX_PATH}:/home/samqiao/ASRL/vtr3/src/main/install/vtr_gui:/opt/ros/humble /usr/bin/cmake --build /home/samqiao/ASRL/vtr3_testing/test/build/vtr_testing_radar -- -j24 -l24
[0.096s] [33mCMake Warning at /home/samqiao/ASRL/vtr3/src/main/src/vtr_common/vtr_include.cmake:67 (message):
[0.096s]   VTR_PIPELINE not set! Compiling all! Save time by selecting
[0.096s]   VTR_PIPELINE=VISION, LIDAR, RADAR, or RADAR-LIDAR
[0.096s] Call Stack (most recent call first):
[0.096s]   CMakeLists.txt:5 (include)
[0.096s] 
[0.097s] [0m
[0.097s] -- Found ament_cmake: 1.3.9 (/opt/ros/humble/share/ament_cmake/cmake)
[0.179s] -- Override CMake install command with custom implementation using symlinks instead of copying resources
[0.190s] -- Found rclcpp: 16.0.9 (/opt/ros/humble/share/rclcpp/cmake)
[0.217s] -- Found rosidl_generator_c: 3.1.5 (/opt/ros/humble/share/rosidl_generator_c/cmake)
[0.219s] -- Found rosidl_adapter: 3.1.5 (/opt/ros/humble/share/rosidl_adapter/cmake)
[0.224s] -- Found rosidl_generator_cpp: 3.1.5 (/opt/ros/humble/share/rosidl_generator_cpp/cmake)
[0.233s] -- Using all available rosidl_typesupport_c: rosidl_typesupport_fastrtps_c;rosidl_typesupport_introspection_c
[0.245s] -- Using all available rosidl_typesupport_cpp: rosidl_typesupport_fastrtps_cpp;rosidl_typesupport_introspection_cpp
[0.285s] -- Found rmw_implementation_cmake: 6.1.2 (/opt/ros/humble/share/rmw_implementation_cmake/cmake)
[0.287s] -- Found rmw_fastrtps_cpp: 6.2.6 (/opt/ros/humble/share/rmw_fastrtps_cpp/cmake)
[0.406s] -- Using RMW implementation 'rmw_fastrtps_cpp' as default
[0.497s] -- Found vtr_common: 0.0.0 (/home/samqiao/ASRL/vtr3/src/main/install/vtr_common/share/vtr_common/cmake)
[0.527s] -- Found eigen3_cmake_module: 0.1.1 (/opt/ros/humble/share/eigen3_cmake_module/cmake)
[0.528s] -- Ensuring Eigen3 include directory is part of orocos-kdl CMake target
[0.782s] -- Found vtr_logging: 0.0.0 (/home/samqiao/ASRL/vtr3/src/main/install/vtr_logging/share/vtr_logging/cmake)
[0.782s] -- Found vtr_radar: 0.0.0 (/home/samqiao/ASRL/vtr3/src/main/install/vtr_radar/share/vtr_radar/cmake)
[1.034s] -- Eigen found (include: /usr/include/eigen3, version: 3.4.0)
[1.064s] -- FLANN found (include: /usr/include, lib: /usr/lib/x86_64-linux-gnu/libflann_cpp.so)
[1.370s] -- OpenNI found (version: 1.5.4.0, include: /usr/include/ni, lib: /usr/lib/libOpenNI.so;libusb::libusb)
[1.376s] -- OpenNI2 found (version: 2.2.0.33, include: /usr/include/openni2, lib: /usr/lib/x86_64-linux-gnu/libOpenNI2.so;libusb::libusb)
[1.477s] -- Eigen found (include: /usr/include/eigen3, version: 3.4.0)
[1.483s] -- OpenNI found (version: 1.5.4.0, include: /usr/include/ni, lib: /usr/lib/libOpenNI.so;libusb::libusb)
[1.489s] -- OpenNI2 found (version: 2.2.0.33, include: /usr/include/openni2, lib: /usr/lib/x86_64-linux-gnu/libOpenNI2.so;libusb::libusb)
[1.584s] -- Found Qhull version 8.0.2
[1.682s] -- OpenNI found (version: 1.5.4.0, include: /usr/include/ni, lib: /usr/lib/libOpenNI.so;libusb::libusb)
[2.225s] -- Found vtr_torch: 0.0.0 (/home/samqiao/ASRL/vtr3/src/main/install/vtr_torch/share/vtr_torch/cmake)
[2.241s] -- Caffe2: CUDA detected: 11.7
[2.241s] -- Caffe2: CUDA nvcc is: /usr/local/cuda/bin/nvcc
[2.241s] -- Caffe2: CUDA toolkit directory: /usr/local/cuda
[2.358s] -- Caffe2: Header version is: 11.7
[2.360s] [33mCMake Warning at /opt/torch/libtorch/share/cmake/Caffe2/public/cuda.cmake:166 (message):
[2.360s]   Failed to compute shorthash for libnvrtc.so
[2.360s] Call Stack (most recent call first):
[2.361s]   /opt/torch/libtorch/share/cmake/Caffe2/Caffe2Config.cmake:88 (include)
[2.361s]   /opt/torch/libtorch/share/cmake/Torch/TorchConfig.cmake:68 (find_package)
[2.361s]   /home/samqiao/ASRL/vtr3/src/main/install/vtr_torch/share/vtr_torch/cmake/ament_cmake_export_dependencies-extras.cmake:21 (find_package)
[2.361s]   /home/samqiao/ASRL/vtr3/src/main/install/vtr_torch/share/vtr_torch/cmake/vtr_torchConfig.cmake:41 (include)
[2.361s]   CMakeLists.txt:17 (find_package)
[2.361s] 
[2.361s] [0m
[2.361s] -- USE_CUDNN is set to 0. Compiling without cuDNN support
[2.960s] -- Autodetected CUDA architecture(s):  8.6+PTX
[2.960s] -- Added CUDA NVCC flags for: -gencode;arch=compute_86,code=sm_86;-gencode;arch=compute_86,code=compute_86
[3.004s] -- Found ament_cmake_gtest: 1.3.9 (/opt/ros/humble/share/ament_cmake_gtest/cmake)
[3.005s] -- Found ament_lint_auto: 0.12.11 (/opt/ros/humble/share/ament_lint_auto/cmake)
[3.053s] -- Added test 'lint_cmake' to check CMake code style
[3.053s] -- Added test 'xmllint' to check XML markup files
[3.056s] -- Configuring done
[3.220s] -- Generating done
[3.222s] -- Build files have been written to: /home/samqiao/ASRL/vtr3_testing/test/build/vtr_testing_radar
[3.258s] [35m[1mConsolidate compiler generated dependencies of target vtr_testing_radar_radar_localization[0m
[3.258s] [35m[1mConsolidate compiler generated dependencies of target vtr_testing_radar_radar_preprocessing[0m
[3.259s] [35m[1mConsolidate compiler generated dependencies of target vtr_testing_radar_radar_odometry[0m
[3.378s] [ 16%] [32mBuilding CXX object CMakeFiles/vtr_testing_radar_radar_localization.dir/src/radar_localization.cpp.o[0m
[3.378s] [ 33%] [32mBuilding CXX object CMakeFiles/vtr_testing_radar_radar_preprocessing.dir/src/radar_preprocessing.cpp.o[0m
[3.378s] [ 50%] [32mBuilding CXX object CMakeFiles/vtr_testing_radar_radar_odometry.dir/src/radar_odometry.cpp.o[0m
[21.546s] [ 66%] [32m[1mLinking CXX executable vtr_testing_radar_radar_preprocessing[0m
[21.755s] /usr/bin/ld: cannot find -lopencv_gapi: No such file or directory
[21.757s] /usr/bin/ld: cannot find -lopencv_cudaarithm: No such file or directory
[21.758s] /usr/bin/ld: cannot find -lopencv_cudabgsegm: No such file or directory
[21.758s] /usr/bin/ld: cannot find -lopencv_cudafeatures2d: No such file or directory
[21.759s] /usr/bin/ld: cannot find -lopencv_cudafilters: No such file or directory
[21.760s] /usr/bin/ld: cannot find -lopencv_cudaimgproc: No such file or directory
[21.760s] /usr/bin/ld: cannot find -lopencv_cudalegacy: No such file or directory
[21.761s] /usr/bin/ld: cannot find -lopencv_cudaobjdetect: No such file or directory
[21.761s] /usr/bin/ld: cannot find -lopencv_cudaoptflow: No such file or directory
[21.762s] /usr/bin/ld: cannot find -lopencv_cudastereo: No such file or directory
[21.762s] /usr/bin/ld: cannot find -lopencv_cudawarping: No such file or directory
[21.763s] /usr/bin/ld: cannot find -lopencv_cudev: No such file or directory
[21.788s] /usr/bin/ld: cannot find -lopencv_xfeatures2d: No such file or directory
[22.271s] collect2: error: ld returned 1 exit status
[22.272s] gmake[2]: *** [CMakeFiles/vtr_testing_radar_radar_preprocessing.dir/build.make:503: vtr_testing_radar_radar_preprocessing] Error 1
[22.273s] gmake[1]: *** [CMakeFiles/Makefile2:141: CMakeFiles/vtr_testing_radar_radar_preprocessing.dir/all] Error 2
[22.273s] gmake[1]: *** Waiting for unfinished jobs....
[22.514s] [ 83%] [32m[1mLinking CXX executable vtr_testing_radar_radar_odometry[0m
[22.632s] /usr/bin/ld: cannot find -lopencv_gapi: No such file or directory
[22.634s] /usr/bin/ld: cannot find -lopencv_cudaarithm: No such file or directory
[22.634s] /usr/bin/ld: cannot find -lopencv_cudabgsegm: No such file or directory
[22.634s] /usr/bin/ld: cannot find -lopencv_cudafeatures2d: No such file or directory
[22.635s] /usr/bin/ld: cannot find -lopencv_cudafilters: No such file or directory
[22.635s] /usr/bin/ld: cannot find -lopencv_cudaimgproc: No such file or directory
[22.635s] /usr/bin/ld: cannot find -lopencv_cudalegacy: No such file or directory
[22.636s] /usr/bin/ld: cannot find -lopencv_cudaobjdetect: No such file or directory
[22.636s] /usr/bin/ld: cannot find -lopencv_cudaoptflow: No such file or directory
[22.636s] /usr/bin/ld: cannot find -lopencv_cudastereo: No such file or directory
[22.637s] /usr/bin/ld: cannot find -lopencv_cudawarping: No such file or directory
[22.637s] /usr/bin/ld: cannot find -lopencv_cudev: No such file or directory
[22.660s] /usr/bin/ld: cannot find -lopencv_xfeatures2d: No such file or directory
[23.047s] collect2: error: ld returned 1 exit status
[23.048s] gmake[2]: *** [CMakeFiles/vtr_testing_radar_radar_odometry.dir/build.make:503: vtr_testing_radar_radar_odometry] Error 1
[23.048s] gmake[1]: *** [CMakeFiles/Makefile2:167: CMakeFiles/vtr_testing_radar_radar_odometry.dir/all] Error 2
[23.468s] [100%] [32m[1mLinking CXX executable vtr_testing_radar_radar_localization[0m
[23.586s] /usr/bin/ld: cannot find -lopencv_gapi: No such file or directory
[23.588s] /usr/bin/ld: cannot find -lopencv_cudaarithm: No such file or directory
[23.588s] /usr/bin/ld: cannot find -lopencv_cudabgsegm: No such file or directory
[23.588s] /usr/bin/ld: cannot find -lopencv_cudafeatures2d: No such file or directory
[23.588s] /usr/bin/ld: cannot find -lopencv_cudafilters: No such file or directory
[23.589s] /usr/bin/ld: cannot find -lopencv_cudaimgproc: No such file or directory
[23.589s] /usr/bin/ld: cannot find -lopencv_cudalegacy: No such file or directory
[23.589s] /usr/bin/ld: cannot find -lopencv_cudaobjdetect: No such file or directory
[23.590s] /usr/bin/ld: cannot find -lopencv_cudaoptflow: No such file or directory
[23.590s] /usr/bin/ld: cannot find -lopencv_cudastereo: No such file or directory
[23.590s] /usr/bin/ld: cannot find -lopencv_cudawarping: No such file or directory
[23.591s] /usr/bin/ld: cannot find -lopencv_cudev: No such file or directory
[23.613s] /usr/bin/ld: cannot find -lopencv_xfeatures2d: No such file or directory
[23.992s] collect2: error: ld returned 1 exit status
[23.993s] gmake[2]: *** [CMakeFiles/vtr_testing_radar_radar_localization.dir/build.make:503: vtr_testing_radar_radar_localization] Error 1
[23.994s] gmake[1]: *** [CMakeFiles/Makefile2:193: CMakeFiles/vtr_testing_radar_radar_localization.dir/all] Error 2
[23.994s] gmake: *** [Makefile:146: all] Error 2
[23.996s] Invoked command in '/home/samqiao/ASRL/vtr3_testing/test/build/vtr_testing_radar' returned '2': CMAKE_PREFIX_PATH=${CMAKE_PREFIX_PATH}:/home/samqiao/ASRL/vtr3/src/main/install/vtr_gui:/opt/ros/humble /usr/bin/cmake --build /home/samqiao/ASRL/vtr3_testing/test/build/vtr_testing_radar -- -j24 -l24
