[33mCMake Warning at /home/samqiao/ASRL/vtr3/src/main/src/vtr_common/vtr_include.cmake:67 (message):
  VTR_PIPELINE not set! Compiling all! Save time by selecting
  VTR_PIPELINE=VISION, LIDAR, RADAR, or RADAR-LIDAR
Call Stack (most recent call first):
  CMakeLists.txt:5 (include)

[0m
[33mCMake Warning at /opt/torch/libtorch/share/cmake/Caffe2/public/cuda.cmake:166 (message):
  Failed to compute shorthash for libnvrtc.so
Call Stack (most recent call first):
  /opt/torch/libtorch/share/cmake/Caffe2/Caffe2Config.cmake:88 (include)
  /opt/torch/libtorch/share/cmake/Torch/TorchConfig.cmake:68 (find_package)
  /home/samqiao/ASRL/vtr3/src/main/install/vtr_torch/share/vtr_torch/cmake/ament_cmake_export_dependencies-extras.cmake:21 (find_package)
  /home/samqiao/ASRL/vtr3/src/main/install/vtr_torch/share/vtr_torch/cmake/vtr_torchConfig.cmake:41 (include)
  CMakeLists.txt:17 (find_package)

[0m
/usr/bin/ld: cannot find -lopencv_signal: No such file or directory
collect2: error: ld returned 1 exit status
gmake[2]: *** [CMakeFiles/vtr_testing_radar_radar_odometry.dir/build.make:515: vtr_testing_radar_radar_odometry] Error 1
gmake[1]: *** [CMakeFiles/Makefile2:167: CMakeFiles/vtr_testing_radar_radar_odometry.dir/all] Error 2
gmake[1]: *** Waiting for unfinished jobs....
/usr/bin/ld: cannot find -lopencv_signal: No such file or directory
collect2: error: ld returned 1 exit status
gmake[2]: *** [CMakeFiles/vtr_testing_radar_radar_preprocessing.dir/build.make:515: vtr_testing_radar_radar_preprocessing] Error 1
gmake[1]: *** [CMakeFiles/Makefile2:141: CMakeFiles/vtr_testing_radar_radar_preprocessing.dir/all] Error 2
/usr/bin/ld: cannot find -lopencv_signal: No such file or directory
collect2: error: ld returned 1 exit status
gmake[2]: *** [CMakeFiles/vtr_testing_radar_radar_localization.dir/build.make:515: vtr_testing_radar_radar_localization] Error 1
gmake[1]: *** [CMakeFiles/Makefile2:193: CMakeFiles/vtr_testing_radar_radar_localization.dir/all] Error 2
gmake: *** [Makefile:146: all] Error 2
