-- The C compiler identification is GNU 11.4.0
-- The CXX compiler identification is GNU 11.4.0
-- Detecting C compiler ABI info
-- Detecting C compiler ABI info - done
-- Check for working C compiler: /usr/bin/cc - skipped
-- Detecting C compile features
-- Detecting C compile features - done
-- Detecting CXX compiler ABI info
-- Detecting CXX compiler ABI info - done
-- Check for working CXX compiler: /usr/bin/c++ - skipped
-- Detecting CXX compile features
-- Detecting CXX compile features - done
-- Found Boost: /usr/lib/x86_64-linux-gnu/cmake/Boost-1.74.0/BoostConfig.cmake (found version "1.74.0") found components: system thread chrono timer 
-- Found OpenMP_C: -fopenmp (found version "4.5") 
-- Found OpenMP_CXX: -fopenmp (found version "4.5") 
-- Found OpenMP: TRUE (found version "4.5")  
[33mCMake Warning at /home/samqiao/ASRL/vtr3/src/main/src/vtr_common/vtr_include.cmake:67 (message):
  VTR_PIPELINE not set! Compiling all! Save time by selecting
  VTR_PIPELINE=VISION, LIDAR, RADAR, or RADAR-LIDAR
Call Stack (most recent call first):
  CMakeLists.txt:5 (include)

[0m
-- Found ament_cmake: 1.3.9 (/opt/ros/humble/share/ament_cmake/cmake)
-- Found Python3: /usr/bin/python3 (found version "3.10.12") found components: Interpreter 
-- Override CMake install command with custom implementation using symlinks instead of copying resources
-- Found rclcpp: 16.0.9 (/opt/ros/humble/share/rclcpp/cmake)
-- Found rosidl_generator_c: 3.1.5 (/opt/ros/humble/share/rosidl_generator_c/cmake)
-- Found rosidl_adapter: 3.1.5 (/opt/ros/humble/share/rosidl_adapter/cmake)
-- Found rosidl_generator_cpp: 3.1.5 (/opt/ros/humble/share/rosidl_generator_cpp/cmake)
-- Using all available rosidl_typesupport_c: rosidl_typesupport_fastrtps_c;rosidl_typesupport_introspection_c
-- Using all available rosidl_typesupport_cpp: rosidl_typesupport_fastrtps_cpp;rosidl_typesupport_introspection_cpp
-- Found rmw_implementation_cmake: 6.1.2 (/opt/ros/humble/share/rmw_implementation_cmake/cmake)
-- Found rmw_fastrtps_cpp: 6.2.6 (/opt/ros/humble/share/rmw_fastrtps_cpp/cmake)
-- Found OpenSSL: /usr/lib/x86_64-linux-gnu/libcrypto.so (found version "3.0.2")  
-- Found FastRTPS: /opt/ros/humble/include  
-- Using RMW implementation 'rmw_fastrtps_cpp' as default
-- Found Threads: TRUE  
-- Found vtr_common: 0.0.0 (/home/samqiao/ASRL/vtr3/src/main/install/vtr_common/share/vtr_common/cmake)
-- Found eigen3_cmake_module: 0.1.1 (/opt/ros/humble/share/eigen3_cmake_module/cmake)
-- Found Eigen3: TRUE (found version "3.4.0") 
-- Ensuring Eigen3 include directory is part of orocos-kdl CMake target
-- Found vtr_logging: 0.0.0 (/home/samqiao/ASRL/vtr3/src/main/install/vtr_logging/share/vtr_logging/cmake)
-- Found vtr_radar: 0.0.0 (/home/samqiao/ASRL/vtr3/src/main/install/vtr_radar/share/vtr_radar/cmake)
-- Found CUDA: /usr/local/cuda (found suitable exact version "11.7") 
-- Checking for module 'eigen3'
--   Found eigen3, version 3.4.0
-- Found Eigen: /usr/include/eigen3 (Required is at least version "3.1") 
-- Eigen found (include: /usr/include/eigen3, version: 3.4.0)
-- Checking for module 'flann'
--   Found flann, version 1.9.1
-- Found FLANN: /usr/lib/x86_64-linux-gnu/libflann_cpp.so  
-- FLANN found (include: /usr/include, lib: /usr/lib/x86_64-linux-gnu/libflann_cpp.so)
-- Checking for module 'libusb-1.0'
--   Found libusb-1.0, version 1.0.25
-- Found libusb: /usr/lib/x86_64-linux-gnu/libusb-1.0.so  
-- OpenNI found (version: 1.5.4.0, include: /usr/include/ni, lib: /usr/lib/libOpenNI.so;libusb::libusb)
-- OpenNI2 found (version: 2.2.0.33, include: /usr/include/openni2, lib: /usr/lib/x86_64-linux-gnu/libOpenNI2.so;libusb::libusb)
-- Eigen found (include: /usr/include/eigen3, version: 3.4.0)
-- OpenNI found (version: 1.5.4.0, include: /usr/include/ni, lib: /usr/lib/libOpenNI.so;libusb::libusb)
-- OpenNI2 found (version: 2.2.0.33, include: /usr/include/openni2, lib: /usr/lib/x86_64-linux-gnu/libOpenNI2.so;libusb::libusb)
-- Found Qhull version 8.0.2
-- OpenNI found (version: 1.5.4.0, include: /usr/include/ni, lib: /usr/lib/libOpenNI.so;libusb::libusb)
-- Found PCL_COMMON: /usr/lib/x86_64-linux-gnu/libpcl_common.so  
-- Found PCL_KDTREE: /usr/lib/x86_64-linux-gnu/libpcl_kdtree.so  
-- Found PCL_OCTREE: /usr/lib/x86_64-linux-gnu/libpcl_octree.so  
-- Found PCL_SEARCH: /usr/lib/x86_64-linux-gnu/libpcl_search.so  
-- Found PCL_SAMPLE_CONSENSUS: /usr/lib/x86_64-linux-gnu/libpcl_sample_consensus.so  
-- Found PCL_FILTERS: /usr/lib/x86_64-linux-gnu/libpcl_filters.so  
-- Found PCL_2D: /usr/include/pcl-1.12  
-- Found PCL_GEOMETRY: /usr/include/pcl-1.12  
-- Found PCL_IO: /usr/lib/x86_64-linux-gnu/libpcl_io.so  
-- Found PCL_FEATURES: /usr/lib/x86_64-linux-gnu/libpcl_features.so  
-- Found PCL_ML: /usr/lib/x86_64-linux-gnu/libpcl_ml.so  
-- Found PCL_SEGMENTATION: /usr/lib/x86_64-linux-gnu/libpcl_segmentation.so  
-- Found PCL_VISUALIZATION: /usr/lib/x86_64-linux-gnu/libpcl_visualization.so  
-- Found PCL_SURFACE: /usr/lib/x86_64-linux-gnu/libpcl_surface.so  
-- Found PCL_REGISTRATION: /usr/lib/x86_64-linux-gnu/libpcl_registration.so  
-- Found PCL_KEYPOINTS: /usr/lib/x86_64-linux-gnu/libpcl_keypoints.so  
-- Found PCL_TRACKING: /usr/lib/x86_64-linux-gnu/libpcl_tracking.so  
-- Found PCL_RECOGNITION: /usr/lib/x86_64-linux-gnu/libpcl_recognition.so  
-- Found PCL_STEREO: /usr/lib/x86_64-linux-gnu/libpcl_stereo.so  
-- Found PCL_APPS: /usr/lib/x86_64-linux-gnu/libpcl_apps.so  
-- Found PCL_IN_HAND_SCANNER: /usr/include/pcl-1.12  
-- Found PCL_MODELER: /usr/include/pcl-1.12  
-- Found PCL_POINT_CLOUD_EDITOR: /usr/include/pcl-1.12  
-- Found PCL_OUTOFCORE: /usr/lib/x86_64-linux-gnu/libpcl_outofcore.so  
-- Found PCL_PEOPLE: /usr/lib/x86_64-linux-gnu/libpcl_people.so  
-- Found vtr_torch: 0.0.0 (/home/samqiao/ASRL/vtr3/src/main/install/vtr_torch/share/vtr_torch/cmake)
-- Found CUDA: /usr/local/cuda (found version "11.7") 
-- The CUDA compiler identification is NVIDIA 11.7.99
-- Detecting CUDA compiler ABI info
-- Detecting CUDA compiler ABI info - done
-- Check for working CUDA compiler: /usr/local/cuda/bin/nvcc - skipped
-- Detecting CUDA compile features
-- Detecting CUDA compile features - done
-- Caffe2: CUDA detected: 11.7
-- Caffe2: CUDA nvcc is: /usr/local/cuda/bin/nvcc
-- Caffe2: CUDA toolkit directory: /usr/local/cuda
-- Caffe2: Header version is: 11.7
[33mCMake Warning at /opt/torch/libtorch/share/cmake/Caffe2/public/cuda.cmake:166 (message):
  Failed to compute shorthash for libnvrtc.so
Call Stack (most recent call first):
  /opt/torch/libtorch/share/cmake/Caffe2/Caffe2Config.cmake:88 (include)
  /opt/torch/libtorch/share/cmake/Torch/TorchConfig.cmake:68 (find_package)
  /home/samqiao/ASRL/vtr3/src/main/install/vtr_torch/share/vtr_torch/cmake/ament_cmake_export_dependencies-extras.cmake:21 (find_package)
  /home/samqiao/ASRL/vtr3/src/main/install/vtr_torch/share/vtr_torch/cmake/vtr_torchConfig.cmake:41 (include)
  CMakeLists.txt:17 (find_package)

[0m
-- USE_CUDNN is set to 0. Compiling without cuDNN support
-- Autodetected CUDA architecture(s):  8.6+PTX
-- Added CUDA NVCC flags for: -gencode;arch=compute_86,code=sm_86;-gencode;arch=compute_86,code=compute_86
-- Found ament_cmake_gtest: 1.3.9 (/opt/ros/humble/share/ament_cmake_gtest/cmake)
-- Found ament_lint_auto: 0.12.11 (/opt/ros/humble/share/ament_lint_auto/cmake)
-- Added test 'lint_cmake' to check CMake code style
-- Added test 'xmllint' to check XML markup files
-- Configuring done
-- Generating done
-- Build files have been written to: /home/samqiao/ASRL/vtr3_testing/test/build/vtr_testing_radar
[ 16%] [32mBuilding CXX object CMakeFiles/vtr_testing_radar_radar_localization.dir/src/radar_localization.cpp.o[0m
[ 33%] [32mBuilding CXX object CMakeFiles/vtr_testing_radar_radar_preprocessing.dir/src/radar_preprocessing.cpp.o[0m
[ 50%] [32mBuilding CXX object CMakeFiles/vtr_testing_radar_radar_odometry.dir/src/radar_odometry.cpp.o[0m
[ 66%] [32m[1mLinking CXX executable vtr_testing_radar_radar_odometry[0m
/usr/bin/ld: cannot find -lopencv_signal: No such file or directory
collect2: error: ld returned 1 exit status
gmake[2]: *** [CMakeFiles/vtr_testing_radar_radar_odometry.dir/build.make:515: vtr_testing_radar_radar_odometry] Error 1
gmake[1]: *** [CMakeFiles/Makefile2:167: CMakeFiles/vtr_testing_radar_radar_odometry.dir/all] Error 2
gmake[1]: *** Waiting for unfinished jobs....
[ 83%] [32m[1mLinking CXX executable vtr_testing_radar_radar_preprocessing[0m
/usr/bin/ld: cannot find -lopencv_signal: No such file or directory
[100%] [32m[1mLinking CXX executable vtr_testing_radar_radar_localization[0m
collect2: error: ld returned 1 exit status
gmake[2]: *** [CMakeFiles/vtr_testing_radar_radar_preprocessing.dir/build.make:515: vtr_testing_radar_radar_preprocessing] Error 1
gmake[1]: *** [CMakeFiles/Makefile2:141: CMakeFiles/vtr_testing_radar_radar_preprocessing.dir/all] Error 2
/usr/bin/ld: cannot find -lopencv_signal: No such file or directory
collect2: error: ld returned 1 exit status
gmake[2]: *** [CMakeFiles/vtr_testing_radar_radar_localization.dir/build.make:515: vtr_testing_radar_radar_localization] Error 1
gmake[1]: *** [CMakeFiles/Makefile2:193: CMakeFiles/vtr_testing_radar_radar_localization.dir/all] Error 2
gmake: *** [Makefile:146: all] Error 2
