gmake[2]: *** No rule to make target '/usr/local/opencv_cuda/lib/libopencv_gapi.so.4.10.0', needed by 'vtr_testing_radar_radar_preprocessing'.  Stop.
gmake[2]: *** No rule to make target '/usr/local/opencv_cuda/lib/libopencv_gapi.so.4.10.0', needed by 'vtr_testing_radar_radar_localization'.  Stop.
gmake[2]: *** Waiting for unfinished jobs....
gmake[2]: *** No rule to make target '/usr/local/opencv_cuda/lib/libopencv_gapi.so.4.10.0', needed by 'vtr_testing_radar_radar_odometry'.  Stop.
gmake[2]: *** Waiting for unfinished jobs....
gmake[2]: *** Waiting for unfinished jobs....
[ 33%] [32mBuilding CXX object CMakeFiles/vtr_testing_radar_radar_localization.dir/src/radar_localization.cpp.o[0m
[ 33%] [32mBuilding CXX object CMakeFiles/vtr_testing_radar_radar_odometry.dir/src/radar_odometry.cpp.o[0m
[ 50%] [32mBuilding CXX object CMakeFiles/vtr_testing_radar_radar_preprocessing.dir/src/radar_preprocessing.cpp.o[0m
gmake[1]: *** [CMakeFiles/Makefile2:193: CMakeFiles/vtr_testing_radar_radar_localization.dir/all] Error 2
gmake[1]: *** Waiting for unfinished jobs....
gmake[1]: *** [CMakeFiles/Makefile2:167: CMakeFiles/vtr_testing_radar_radar_odometry.dir/all] Error 2
gmake[1]: *** [CMakeFiles/Makefile2:141: CMakeFiles/vtr_testing_radar_radar_preprocessing.dir/all] Error 2
gmake: *** [Makefile:146: all] Error 2
